dllReader is start
0
1
2
3
4
5
6
7
8
9
10
11
12
13
14
15
16
17
18
19
20
21
22
23
24
25
26
27
28
29
30
31
in get idcard info
0
1
2
3
4
5
6
7
8
9
10
11
12
13
14
15
16
17
18
19
20
21
22
23
24
25
26
27
28
29
30
31
cvr_InitComm:2
连接失败
in get idcard info
0
1
2
3
4
5
6
7
8
9
10
11
12
13
14
15
16
17
18
19
20
21
22
23
24
25
26
27
28
29
30
31
cvr_InitComm:2
连接失败
in get idcard info
0
1
2
3
4
5
6
7
8
9
10
11
12
13
14
15
16
17
18
19
20
21
22
23
24
25
26
27
28
29
30
31
cvr_InitComm:1
cvr_Authenticate:-1
认证失败
in get idcard info
cvr_InitComm:1
cvr_Authenticate:-1
cvr_Read_Content:1
读取数据成功
in get idcard info
cvr_InitComm:2
连接失败
in get idcard info
cvr_InitComm:2
连接失败
in get idcard info
cvr_InitComm:2
连接失败
in get idcard info
cvr_InitComm:2
连接失败
in get idcard info
cvr_InitComm:1
cvr_Authenticate:-1
认证失败
in get idcard info
cvr_InitComm:1
cvr_Authenticate:-1
认证失败
in get idcard info
cvr_InitComm:1
cvr_Authenticate:-1
认证失败
in get idcard info
cvr_InitComm:1
cvr_Authenticate:-1
认证失败
in get idcard info
cvr_InitComm:1
cvr_Authenticate:-1
认证失败
in get idcard info
cvr_InitComm:1
cvr_Authenticate:-1
认证失败
in get idcard info
cvr_InitComm:1
cvr_Authenticate:-1
认证失败
in get idcard info
cvr_InitComm:1
cvr_Authenticate:-1
认证失败
in get idcard info
cvr_InitComm:1
cvr_Authenticate:-1
认证失败
in get idcard info
cvr_InitComm:2
连接失败
in get idcard info
cvr_InitComm:2
连接失败
in get idcard info
cvr_InitComm:1
cvr_Authenticate:-1
认证失败
